2024-10-02 11:48:08,869 - INFO - Starting client with ID: 0
2024-10-02 11:48:08,869 - INFO - Starting client with ID: 1
2024-10-02 11:48:08,870 - INFO - Client 1 using device: cpu
2024-10-02 11:48:08,870 - INFO - Client 0 using device: cpu
2024-10-02 11:48:09,150 - DEBUG - Opened insecure gRPC connection (no certificates were passed)
2024-10-02 11:48:09,154 - DEBUG - ChannelConnectivity.IDLE
2024-10-02 11:48:09,160 - DEBUG - ChannelConnectivity.CONNECTING
2024-10-02 11:48:09,160 - DEBUG - ChannelConnectivity.CONNECTING
2024-10-02 11:48:09,165 - DEBUG - ChannelConnectivity.READY
2024-10-02 11:48:09,168 - INFO - 
2024-10-02 11:48:09,169 - INFO - Received: get_parameters message 0808a981-c5fb-4084-b212-0a6963a02beb
2024-10-02 11:48:09,170 - WARNING - Deprecation Warning: The `client_fn` function must return an instance of `Client`, but an instance of `NumpyClient` was returned. Please use `NumPyClient.to_client()` method to convert it to `Client`.
2024-10-02 11:48:09,192 - INFO - Sent reply
2024-10-02 11:48:09,289 - INFO - 
2024-10-02 11:48:09,289 - INFO - Received: train message 0b192b35-8cf4-4d12-a54e-0f8341b3cb2a
2024-10-02 11:48:09,290 - WARNING - Deprecation Warning: The `client_fn` function must return an instance of `Client`, but an instance of `NumpyClient` was returned. Please use `NumPyClient.to_client()` method to convert it to `Client`.
2024-10-02 11:48:09,312 - INFO - 
2024-10-02 11:48:09,312 - INFO - Received: train message e0b81789-dbc6-49a0-93e0-eb27033cd2d5
2024-10-02 11:48:09,313 - WARNING - Deprecation Warning: The `client_fn` function must return an instance of `Client`, but an instance of `NumpyClient` was returned. Please use `NumPyClient.to_client()` method to convert it to `Client`.
2024-10-02 11:48:09,590 - INFO - Client 0 - Epoch 0 - Batch 0: Loss: 3.0349, Accuracy: 12.50%
2024-10-02 11:48:09,590 - INFO - Client 1 - Epoch 0 - Batch 0: Loss: 3.0085, Accuracy: 18.75%
2024-10-02 11:48:15,064 - INFO - Client 1 - Epoch 0 - Batch 100: Loss: 1.2165, Accuracy: 70.88%
2024-10-02 11:48:15,088 - INFO - Client 0 - Epoch 0 - Batch 100: Loss: 1.4302, Accuracy: 72.00%
2024-10-02 11:48:20,607 - INFO - Client 1 - Epoch 0 - Batch 200: Loss: 1.0702, Accuracy: 81.67%
2024-10-02 11:48:20,608 - INFO - Client 0 - Epoch 0 - Batch 200: Loss: 1.0680, Accuracy: 81.93%
2024-10-02 11:48:25,781 - INFO - Client 0 - Epoch 0 - Batch 300: Loss: 0.8002, Accuracy: 85.76%
2024-10-02 11:48:25,782 - INFO - Client 1 - Epoch 0 - Batch 300: Loss: 0.7967, Accuracy: 85.55%
2024-10-02 11:48:30,911 - INFO - Client 0 - Epoch 0 - Batch 400: Loss: 0.7879, Accuracy: 88.14%
2024-10-02 11:48:30,914 - INFO - Client 1 - Epoch 0 - Batch 400: Loss: 0.9885, Accuracy: 88.14%
2024-10-02 11:48:36,038 - INFO - Client 1 - Epoch 0 - Batch 500: Loss: 0.8676, Accuracy: 89.86%
2024-10-02 11:48:36,054 - INFO - Client 0 - Epoch 0 - Batch 500: Loss: 1.0153, Accuracy: 89.55%
2024-10-02 11:48:41,122 - INFO - Client 1 - Epoch 0 - Batch 600: Loss: 0.7737, Accuracy: 90.94%
2024-10-02 11:48:41,136 - INFO - Client 0 - Epoch 0 - Batch 600: Loss: 0.7564, Accuracy: 90.81%
2024-10-02 11:48:46,316 - INFO - Client 1 - Epoch 0 - Batch 700: Loss: 0.8607, Accuracy: 91.78%
2024-10-02 11:48:46,317 - INFO - Client 0 - Epoch 0 - Batch 700: Loss: 0.8129, Accuracy: 91.58%
2024-10-02 11:48:51,518 - INFO - Client 1 - Epoch 0 - Batch 800: Loss: 0.7668, Accuracy: 92.47%
2024-10-02 11:48:51,518 - INFO - Client 0 - Epoch 0 - Batch 800: Loss: 0.7359, Accuracy: 92.21%
2024-10-02 11:48:56,635 - INFO - Client 0 - Epoch 0 - Batch 900: Loss: 0.8815, Accuracy: 92.85%
2024-10-02 11:48:56,635 - INFO - Client 1 - Epoch 0 - Batch 900: Loss: 0.7893, Accuracy: 93.00%
2024-10-02 11:49:01,844 - INFO - Client 1 - Epoch 0 - Batch 1000: Loss: 0.8098, Accuracy: 93.43%
2024-10-02 11:49:01,845 - INFO - Client 0 - Epoch 0 - Batch 1000: Loss: 0.7327, Accuracy: 93.33%
2024-10-02 11:49:06,865 - INFO - Client 0 - Epoch 0 - Batch 1100: Loss: 0.7611, Accuracy: 93.71%
2024-10-02 11:49:06,867 - INFO - Client 1 - Epoch 0 - Batch 1100: Loss: 0.8415, Accuracy: 93.78%
2024-10-02 11:49:11,898 - INFO - Client 0 - Epoch 0 - Batch 1200: Loss: 0.7708, Accuracy: 94.03%
2024-10-02 11:49:11,905 - INFO - Client 1 - Epoch 0 - Batch 1200: Loss: 1.1468, Accuracy: 94.06%
2024-10-02 11:49:16,848 - INFO - Client 0 - Epoch 0 - Batch 1300: Loss: 0.7434, Accuracy: 94.31%
2024-10-02 11:49:16,878 - INFO - Client 1 - Epoch 0 - Batch 1300: Loss: 0.9801, Accuracy: 94.31%
2024-10-02 11:49:21,783 - INFO - Client 0 - Epoch 0 - Batch 1400: Loss: 0.7275, Accuracy: 94.56%
2024-10-02 11:49:21,840 - INFO - Client 1 - Epoch 0 - Batch 1400: Loss: 0.7385, Accuracy: 94.51%
2024-10-02 11:49:26,766 - INFO - Client 0 - Epoch 0 - Batch 1500: Loss: 0.7266, Accuracy: 94.79%
2024-10-02 11:49:26,881 - INFO - Client 1 - Epoch 0 - Batch 1500: Loss: 0.7537, Accuracy: 94.75%
2024-10-02 11:49:31,851 - INFO - Client 0 - Epoch 0 - Batch 1600: Loss: 0.9350, Accuracy: 94.97%
2024-10-02 11:49:32,002 - INFO - Client 1 - Epoch 0 - Batch 1600: Loss: 0.7904, Accuracy: 94.93%
2024-10-02 11:49:37,056 - INFO - Client 0 - Epoch 0 - Batch 1700: Loss: 0.7580, Accuracy: 95.14%
2024-10-02 11:49:37,227 - INFO - Client 1 - Epoch 0 - Batch 1700: Loss: 0.7562, Accuracy: 95.11%
2024-10-02 11:49:42,034 - INFO - Client 0 - Epoch 0 - Batch 1800: Loss: 1.0622, Accuracy: 95.28%
2024-10-02 11:49:42,261 - INFO - Client 1 - Epoch 0 - Batch 1800: Loss: 0.7378, Accuracy: 95.28%
2024-10-02 11:49:45,853 - INFO - Client 0 - Epoch 0 completed: Loss: 0.8711, Accuracy: 95.40%
2024-10-02 11:49:45,876 - INFO - Sent reply
2024-10-02 11:49:46,059 - INFO - Client 1 - Epoch 0 completed: Loss: 0.8734, Accuracy: 95.40%
2024-10-02 11:49:46,079 - INFO - Sent reply
2024-10-02 11:49:46,334 - INFO - 
2024-10-02 11:49:46,334 - INFO - Received: evaluate message 22708621-edb1-45b2-9cd7-f54ed7d498b0
2024-10-02 11:49:46,335 - WARNING - Deprecation Warning: The `client_fn` function must return an instance of `Client`, but an instance of `NumpyClient` was returned. Please use `NumPyClient.to_client()` method to convert it to `Client`.
2024-10-02 11:49:46,340 - INFO - 
2024-10-02 11:49:46,340 - INFO - Received: evaluate message 94be1965-bf8f-4559-af67-d64816d0a259
2024-10-02 11:49:46,341 - WARNING - Deprecation Warning: The `client_fn` function must return an instance of `Client`, but an instance of `NumpyClient` was returned. Please use `NumPyClient.to_client()` method to convert it to `Client`.
2024-10-02 11:49:50,092 - INFO - Client 1 - Evaluation completed: Loss: 0.0489, Accuracy: 98.42%
2024-10-02 11:49:50,092 - INFO - Client 0 - Evaluation completed: Loss: 0.0489, Accuracy: 98.42%
2024-10-02 11:49:50,093 - INFO - Sent reply
2024-10-02 11:49:50,093 - INFO - Sent reply
2024-10-02 11:49:51,107 - DEBUG - ChannelConnectivity.IDLE
2024-10-02 11:49:51,107 - DEBUG - ChannelConnectivity.IDLE
2024-10-02 11:54:54,139 - DEBUG - gRPC channel closed
2024-10-02 11:54:54,140 - ERROR - Error starting client: <_MultiThreadedRendezvous of RPC that terminated with:
	status = StatusCode.UNAVAILABLE
	details = "IOCP/Socket: Connection reset (An existing connection was forcibly closed by the remote host.
 -- 10054)"
	debug_error_string = "UNKNOWN:Error received from peer ipv4:127.0.0.1:8081 {created_time:"2024-10-02T06:24:54.0457697+00:00", grpc_status:14, grpc_message:"IOCP/Socket: Connection reset (An existing connection was forcibly closed by the remote host.\r\n -- 10054)"}"
>
2024-10-02 11:54:54,262 - DEBUG - gRPC channel closed
2024-10-02 11:54:54,264 - ERROR - Error starting client: <_MultiThreadedRendezvous of RPC that terminated with:
	status = StatusCode.UNAVAILABLE
	details = "IOCP/Socket: Connection reset (An existing connection was forcibly closed by the remote host.
 -- 10054)"
	debug_error_string = "UNKNOWN:Error received from peer ipv4:127.0.0.1:8081 {created_time:"2024-10-02T06:24:54.0457659+00:00", grpc_status:14, grpc_message:"IOCP/Socket: Connection reset (An existing connection was forcibly closed by the remote host.\r\n -- 10054)"}"
>
2024-10-02 11:57:35,076 - INFO - Starting client with ID: 0
2024-10-02 11:57:35,076 - INFO - Client 0 using device: cpu
2024-10-02 11:57:35,156 - DEBUG - Opened insecure gRPC connection (no certificates were passed)
2024-10-02 11:57:35,160 - DEBUG - ChannelConnectivity.IDLE
2024-10-02 11:57:35,162 - DEBUG - ChannelConnectivity.CONNECTING
2024-10-02 11:57:35,162 - DEBUG - ChannelConnectivity.READY
2024-10-02 11:57:35,165 - INFO - 
2024-10-02 11:57:35,165 - INFO - Received: get_parameters message 6b416c46-14a5-4821-98d7-9aa2ee5e3a2f
2024-10-02 11:57:35,166 - WARNING - Deprecation Warning: The `client_fn` function must return an instance of `Client`, but an instance of `NumpyClient` was returned. Please use `NumPyClient.to_client()` method to convert it to `Client`.
2024-10-02 11:57:35,204 - INFO - Sent reply
2024-10-02 11:57:56,775 - INFO - Starting client with ID: 1
2024-10-02 11:57:56,775 - INFO - Client 1 using device: cpu
2024-10-02 11:57:56,868 - DEBUG - Opened insecure gRPC connection (no certificates were passed)
2024-10-02 11:57:56,872 - DEBUG - ChannelConnectivity.IDLE
2024-10-02 11:57:56,873 - DEBUG - ChannelConnectivity.CONNECTING
2024-10-02 11:57:56,874 - DEBUG - ChannelConnectivity.READY
2024-10-02 11:57:56,941 - INFO - 
2024-10-02 11:57:56,942 - INFO - Received: train message eea763d9-d2cb-465a-9b79-5d4453f84e0b
2024-10-02 11:57:56,943 - WARNING - Deprecation Warning: The `client_fn` function must return an instance of `Client`, but an instance of `NumpyClient` was returned. Please use `NumPyClient.to_client()` method to convert it to `Client`.
2024-10-02 11:57:57,033 - INFO - 
2024-10-02 11:57:57,034 - INFO - Received: train message bfb43caf-01ef-44f7-b3ed-3567f5aed33c
2024-10-02 11:57:57,035 - WARNING - Deprecation Warning: The `client_fn` function must return an instance of `Client`, but an instance of `NumpyClient` was returned. Please use `NumPyClient.to_client()` method to convert it to `Client`.
2024-10-02 11:57:57,038 - INFO - Client 1 - Epoch 0 - Batch 0: Loss: 3.0350, Accuracy: 6.25%
2024-10-02 11:57:57,119 - INFO - Client 0 - Epoch 0 - Batch 0: Loss: 3.0329, Accuracy: 15.62%
2024-10-02 11:58:02,150 - INFO - Client 1 - Epoch 0 - Batch 100: Loss: 1.0867, Accuracy: 73.98%
2024-10-02 11:58:02,272 - INFO - Client 0 - Epoch 0 - Batch 100: Loss: 0.9528, Accuracy: 75.65%
2024-10-02 11:58:07,628 - INFO - Client 1 - Epoch 0 - Batch 200: Loss: 0.7961, Accuracy: 82.99%
2024-10-02 11:58:07,748 - INFO - Client 0 - Epoch 0 - Batch 200: Loss: 1.1628, Accuracy: 83.99%
2024-10-02 11:58:12,750 - INFO - Client 1 - Epoch 0 - Batch 300: Loss: 0.8566, Accuracy: 86.93%
2024-10-02 11:58:12,898 - INFO - Client 0 - Epoch 0 - Batch 300: Loss: 0.8730, Accuracy: 87.60%
2024-10-02 11:58:18,322 - INFO - Client 1 - Epoch 0 - Batch 400: Loss: 0.7910, Accuracy: 89.03%
2024-10-02 11:58:18,456 - INFO - Client 0 - Epoch 0 - Batch 400: Loss: 1.0372, Accuracy: 89.63%
2024-10-02 11:58:23,726 - INFO - Client 1 - Epoch 0 - Batch 500: Loss: 0.7395, Accuracy: 90.51%
2024-10-02 11:58:23,878 - INFO - Client 0 - Epoch 0 - Batch 500: Loss: 0.7526, Accuracy: 90.96%
2024-10-02 11:58:29,502 - INFO - Client 1 - Epoch 0 - Batch 600: Loss: 0.8802, Accuracy: 91.55%
2024-10-02 11:58:29,614 - INFO - Client 0 - Epoch 0 - Batch 600: Loss: 0.8190, Accuracy: 91.92%
2024-10-02 11:58:34,758 - INFO - Client 1 - Epoch 0 - Batch 700: Loss: 0.7642, Accuracy: 92.25%
2024-10-02 11:58:34,863 - INFO - Client 0 - Epoch 0 - Batch 700: Loss: 0.7543, Accuracy: 92.64%
2024-10-02 11:58:39,951 - INFO - Client 1 - Epoch 0 - Batch 800: Loss: 0.7652, Accuracy: 92.82%
2024-10-02 11:58:40,049 - INFO - Client 0 - Epoch 0 - Batch 800: Loss: 0.8502, Accuracy: 93.23%
2024-10-02 11:58:45,262 - INFO - Client 1 - Epoch 0 - Batch 900: Loss: 0.7254, Accuracy: 93.35%
2024-10-02 11:58:45,387 - INFO - Client 0 - Epoch 0 - Batch 900: Loss: 0.7453, Accuracy: 93.65%
2024-10-02 11:58:51,031 - INFO - Client 1 - Epoch 0 - Batch 1000: Loss: 1.0232, Accuracy: 93.72%
2024-10-02 11:58:51,087 - INFO - Client 0 - Epoch 0 - Batch 1000: Loss: 0.8070, Accuracy: 94.01%
2024-10-02 11:58:56,549 - INFO - Client 1 - Epoch 0 - Batch 1100: Loss: 0.7384, Accuracy: 94.05%
2024-10-02 11:58:56,600 - INFO - Client 0 - Epoch 0 - Batch 1100: Loss: 1.1009, Accuracy: 94.34%
2024-10-02 11:59:01,901 - INFO - Client 1 - Epoch 0 - Batch 1200: Loss: 0.7489, Accuracy: 94.37%
2024-10-02 11:59:01,954 - INFO - Client 0 - Epoch 0 - Batch 1200: Loss: 0.8885, Accuracy: 94.63%
2024-10-02 11:59:07,407 - INFO - Client 1 - Epoch 0 - Batch 1300: Loss: 0.7337, Accuracy: 94.63%
2024-10-02 11:59:07,462 - INFO - Client 0 - Epoch 0 - Batch 1300: Loss: 0.9104, Accuracy: 94.88%
2024-10-02 11:59:12,874 - INFO - Client 1 - Epoch 0 - Batch 1400: Loss: 0.7376, Accuracy: 94.83%
2024-10-02 11:59:12,924 - INFO - Client 0 - Epoch 0 - Batch 1400: Loss: 0.7405, Accuracy: 95.09%
2024-10-02 11:59:18,061 - INFO - Client 1 - Epoch 0 - Batch 1500: Loss: 0.7414, Accuracy: 95.00%
2024-10-02 11:59:18,111 - INFO - Client 0 - Epoch 0 - Batch 1500: Loss: 0.7317, Accuracy: 95.31%
2024-10-02 11:59:23,498 - INFO - Client 1 - Epoch 0 - Batch 1600: Loss: 0.7914, Accuracy: 95.20%
2024-10-02 11:59:23,550 - INFO - Client 0 - Epoch 0 - Batch 1600: Loss: 0.7584, Accuracy: 95.49%
2024-10-02 11:59:29,135 - INFO - Client 1 - Epoch 0 - Batch 1700: Loss: 0.7351, Accuracy: 95.35%
2024-10-02 11:59:29,191 - INFO - Client 0 - Epoch 0 - Batch 1700: Loss: 0.7840, Accuracy: 95.66%
2024-10-02 11:59:35,076 - INFO - Client 1 - Epoch 0 - Batch 1800: Loss: 0.7671, Accuracy: 95.50%
2024-10-02 11:59:35,111 - INFO - Client 0 - Epoch 0 - Batch 1800: Loss: 0.7556, Accuracy: 95.80%
2024-10-02 11:59:39,286 - INFO - Client 1 - Epoch 0 completed: Loss: 0.8634, Accuracy: 95.61%
2024-10-02 11:59:39,300 - INFO - Client 0 - Epoch 0 completed: Loss: 0.8585, Accuracy: 95.88%
2024-10-02 11:59:39,312 - INFO - Sent reply
2024-10-02 11:59:39,327 - INFO - Sent reply
2024-10-02 11:59:39,513 - INFO - 
2024-10-02 11:59:39,514 - INFO - Received: evaluate message a55e0358-1c82-4ef3-b67b-8937725c7995
2024-10-02 11:59:39,515 - WARNING - Deprecation Warning: The `client_fn` function must return an instance of `Client`, but an instance of `NumpyClient` was returned. Please use `NumPyClient.to_client()` method to convert it to `Client`.
2024-10-02 11:59:39,640 - INFO - 
2024-10-02 11:59:39,641 - INFO - Received: evaluate message 53f78644-5ad9-44e9-bb4e-d710115d9810
2024-10-02 11:59:39,641 - WARNING - Deprecation Warning: The `client_fn` function must return an instance of `Client`, but an instance of `NumpyClient` was returned. Please use `NumPyClient.to_client()` method to convert it to `Client`.
2024-10-02 11:59:44,003 - INFO - Client 1 - Evaluation completed: Loss: 0.0366, Accuracy: 98.89%
2024-10-02 11:59:44,004 - INFO - Sent reply
2024-10-02 11:59:44,138 - INFO - Client 0 - Evaluation completed: Loss: 0.0366, Accuracy: 98.89%
2024-10-02 11:59:44,139 - INFO - Sent reply
2024-10-02 11:59:44,202 - INFO - 
2024-10-02 11:59:44,203 - INFO - Received: train message 45939c80-f5c6-4aa7-80e6-e595ca6d7c48
2024-10-02 11:59:44,204 - WARNING - Deprecation Warning: The `client_fn` function must return an instance of `Client`, but an instance of `NumpyClient` was returned. Please use `NumPyClient.to_client()` method to convert it to `Client`.
2024-10-02 11:59:44,252 - INFO - 
2024-10-02 11:59:44,253 - INFO - Received: train message 77a13cc3-c1f8-4ba7-a199-b4991fe315d0
2024-10-02 11:59:44,253 - WARNING - Deprecation Warning: The `client_fn` function must return an instance of `Client`, but an instance of `NumpyClient` was returned. Please use `NumPyClient.to_client()` method to convert it to `Client`.
2024-10-02 11:59:44,262 - INFO - Client 1 - Epoch 0 - Batch 0: Loss: 0.7053, Accuracy: 100.00%
2024-10-02 11:59:44,331 - INFO - Client 0 - Epoch 0 - Batch 0: Loss: 0.7015, Accuracy: 100.00%
2024-10-02 11:59:49,876 - INFO - Client 1 - Epoch 0 - Batch 100: Loss: 0.6964, Accuracy: 98.64%
2024-10-02 11:59:49,969 - INFO - Client 0 - Epoch 0 - Batch 100: Loss: 0.6948, Accuracy: 98.51%
2024-10-02 11:59:55,116 - INFO - Client 1 - Epoch 0 - Batch 200: Loss: 0.6966, Accuracy: 98.69%
2024-10-02 11:59:55,195 - INFO - Client 0 - Epoch 0 - Batch 200: Loss: 0.7002, Accuracy: 98.74%
2024-10-02 12:00:00,546 - INFO - Client 1 - Epoch 0 - Batch 300: Loss: 0.8779, Accuracy: 98.68%
2024-10-02 12:00:00,636 - INFO - Client 0 - Epoch 0 - Batch 300: Loss: 0.7953, Accuracy: 98.77%
2024-10-02 12:00:05,813 - INFO - Client 1 - Epoch 0 - Batch 400: Loss: 0.7346, Accuracy: 98.74%
2024-10-02 12:00:05,863 - INFO - Client 0 - Epoch 0 - Batch 400: Loss: 0.7010, Accuracy: 98.80%
2024-10-02 12:00:10,738 - INFO - Client 1 - Epoch 0 - Batch 500: Loss: 0.6944, Accuracy: 98.78%
2024-10-02 12:00:10,784 - INFO - Client 0 - Epoch 0 - Batch 500: Loss: 0.7003, Accuracy: 98.83%
2024-10-02 12:00:15,782 - INFO - Client 1 - Epoch 0 - Batch 600: Loss: 0.6993, Accuracy: 98.78%
2024-10-02 12:00:15,844 - INFO - Client 0 - Epoch 0 - Batch 600: Loss: 0.8088, Accuracy: 98.88%
2024-10-02 12:00:20,941 - INFO - Client 1 - Epoch 0 - Batch 700: Loss: 0.6962, Accuracy: 98.82%
2024-10-02 12:00:20,996 - INFO - Client 0 - Epoch 0 - Batch 700: Loss: 0.7061, Accuracy: 98.88%
2024-10-02 12:00:26,375 - INFO - Client 1 - Epoch 0 - Batch 800: Loss: 0.7714, Accuracy: 98.83%
2024-10-02 12:00:26,425 - INFO - Client 0 - Epoch 0 - Batch 800: Loss: 0.6958, Accuracy: 98.89%
2024-10-02 12:00:31,370 - INFO - Client 1 - Epoch 0 - Batch 900: Loss: 0.7805, Accuracy: 98.81%
2024-10-02 12:00:31,425 - INFO - Client 0 - Epoch 0 - Batch 900: Loss: 0.6968, Accuracy: 98.90%
2024-10-02 12:00:36,423 - INFO - Client 1 - Epoch 0 - Batch 1000: Loss: 0.7550, Accuracy: 98.80%
2024-10-02 12:00:36,469 - INFO - Client 0 - Epoch 0 - Batch 1000: Loss: 0.7480, Accuracy: 98.92%
2024-10-02 12:00:41,671 - INFO - Client 1 - Epoch 0 - Batch 1100: Loss: 0.8130, Accuracy: 98.78%
2024-10-02 12:00:41,787 - INFO - Client 0 - Epoch 0 - Batch 1100: Loss: 0.9434, Accuracy: 98.93%
2024-10-02 12:00:46,687 - INFO - Client 1 - Epoch 0 - Batch 1200: Loss: 0.9046, Accuracy: 98.80%
2024-10-02 12:00:46,764 - INFO - Client 0 - Epoch 0 - Batch 1200: Loss: 0.7549, Accuracy: 98.91%
2024-10-02 12:00:51,826 - INFO - Client 1 - Epoch 0 - Batch 1300: Loss: 0.7642, Accuracy: 98.79%
2024-10-02 12:00:51,876 - INFO - Client 0 - Epoch 0 - Batch 1300: Loss: 0.6984, Accuracy: 98.90%
2024-10-02 12:00:57,074 - INFO - Client 1 - Epoch 0 - Batch 1400: Loss: 0.6975, Accuracy: 98.79%
2024-10-02 12:00:57,135 - INFO - Client 0 - Epoch 0 - Batch 1400: Loss: 0.7376, Accuracy: 98.90%
2024-10-02 12:01:02,897 - INFO - Client 1 - Epoch 0 - Batch 1500: Loss: 0.7287, Accuracy: 98.81%
2024-10-02 12:01:02,924 - INFO - Client 0 - Epoch 0 - Batch 1500: Loss: 0.6974, Accuracy: 98.88%
2024-10-02 12:01:09,810 - INFO - Client 1 - Epoch 0 - Batch 1600: Loss: 0.7387, Accuracy: 98.81%
2024-10-02 12:01:09,873 - INFO - Client 0 - Epoch 0 - Batch 1600: Loss: 0.7583, Accuracy: 98.84%
2024-10-02 12:01:15,067 - INFO - Client 1 - Epoch 0 - Batch 1700: Loss: 0.6982, Accuracy: 98.81%
2024-10-02 12:01:15,118 - INFO - Client 0 - Epoch 0 - Batch 1700: Loss: 0.7122, Accuracy: 98.85%
2024-10-02 12:01:20,118 - INFO - Client 1 - Epoch 0 - Batch 1800: Loss: 0.6964, Accuracy: 98.82%
2024-10-02 12:01:20,171 - INFO - Client 0 - Epoch 0 - Batch 1800: Loss: 0.6949, Accuracy: 98.82%
2024-10-02 12:01:24,166 - INFO - Client 1 - Epoch 0 completed: Loss: 0.7319, Accuracy: 98.80%
2024-10-02 12:01:24,191 - INFO - Sent reply
2024-10-02 12:01:24,209 - INFO - Client 0 - Epoch 0 completed: Loss: 0.7320, Accuracy: 98.80%
2024-10-02 12:01:24,234 - INFO - Sent reply
2024-10-02 12:01:24,377 - INFO - 
2024-10-02 12:01:24,378 - INFO - Received: evaluate message 2ae78b90-47a4-4f04-9233-c44e11e34098
2024-10-02 12:01:24,379 - WARNING - Deprecation Warning: The `client_fn` function must return an instance of `Client`, but an instance of `NumpyClient` was returned. Please use `NumPyClient.to_client()` method to convert it to `Client`.
2024-10-02 12:01:24,514 - INFO - 
2024-10-02 12:01:24,515 - INFO - Received: evaluate message 6d4e75d1-86f1-4d12-9bd9-22c1f42adc9b
2024-10-02 12:01:24,515 - WARNING - Deprecation Warning: The `client_fn` function must return an instance of `Client`, but an instance of `NumpyClient` was returned. Please use `NumPyClient.to_client()` method to convert it to `Client`.
2024-10-02 12:01:28,157 - INFO - Client 1 - Evaluation completed: Loss: 0.0296, Accuracy: 99.04%
2024-10-02 12:01:28,158 - INFO - Sent reply
2024-10-02 12:01:28,294 - INFO - Client 0 - Evaluation completed: Loss: 0.0296, Accuracy: 99.04%
2024-10-02 12:01:28,295 - INFO - Sent reply
2024-10-02 12:01:28,378 - INFO - 
2024-10-02 12:01:28,379 - INFO - Received: train message 54f8842e-32b4-4932-ac3d-69b5f3e254ef
2024-10-02 12:01:28,380 - WARNING - Deprecation Warning: The `client_fn` function must return an instance of `Client`, but an instance of `NumpyClient` was returned. Please use `NumPyClient.to_client()` method to convert it to `Client`.
2024-10-02 12:01:28,448 - INFO - Client 1 - Epoch 0 - Batch 0: Loss: 0.6964, Accuracy: 100.00%
2024-10-02 12:01:28,472 - INFO - 
2024-10-02 12:01:28,472 - INFO - Received: train message a94e8565-c117-4c51-82e3-d8b709d5f93d
2024-10-02 12:01:28,473 - WARNING - Deprecation Warning: The `client_fn` function must return an instance of `Client`, but an instance of `NumpyClient` was returned. Please use `NumPyClient.to_client()` method to convert it to `Client`.
2024-10-02 12:01:28,548 - INFO - Client 0 - Epoch 0 - Batch 0: Loss: 0.7008, Accuracy: 100.00%
2024-10-02 12:01:33,985 - INFO - Client 1 - Epoch 0 - Batch 100: Loss: 0.7005, Accuracy: 99.38%
2024-10-02 12:01:34,206 - INFO - Client 0 - Epoch 0 - Batch 100: Loss: 0.6942, Accuracy: 99.66%
2024-10-02 12:01:39,897 - INFO - Client 1 - Epoch 0 - Batch 200: Loss: 0.6955, Accuracy: 99.44%
2024-10-02 12:01:39,998 - INFO - Client 0 - Epoch 0 - Batch 200: Loss: 0.6960, Accuracy: 99.58%
2024-10-02 12:01:45,227 - INFO - Client 1 - Epoch 0 - Batch 300: Loss: 0.6952, Accuracy: 99.45%
2024-10-02 12:01:45,341 - INFO - Client 0 - Epoch 0 - Batch 300: Loss: 0.6974, Accuracy: 99.56%
2024-10-02 12:01:50,479 - INFO - Client 1 - Epoch 0 - Batch 400: Loss: 0.7139, Accuracy: 99.44%
2024-10-02 12:01:50,551 - INFO - Client 0 - Epoch 0 - Batch 400: Loss: 0.6939, Accuracy: 99.51%
2024-10-02 12:01:55,722 - INFO - Client 1 - Epoch 0 - Batch 500: Loss: 0.6979, Accuracy: 99.42%
2024-10-02 12:01:55,804 - INFO - Client 0 - Epoch 0 - Batch 500: Loss: 0.6957, Accuracy: 99.50%
2024-10-02 12:02:01,079 - INFO - Client 1 - Epoch 0 - Batch 600: Loss: 0.6996, Accuracy: 99.40%
2024-10-02 12:02:01,156 - INFO - Client 0 - Epoch 0 - Batch 600: Loss: 0.7086, Accuracy: 99.43%
2024-10-02 12:02:06,254 - INFO - Client 1 - Epoch 0 - Batch 700: Loss: 0.6938, Accuracy: 99.37%
2024-10-02 12:02:06,329 - INFO - Client 0 - Epoch 0 - Batch 700: Loss: 0.6961, Accuracy: 99.38%
2024-10-02 12:02:11,560 - INFO - Client 1 - Epoch 0 - Batch 800: Loss: 0.7018, Accuracy: 99.38%
2024-10-02 12:02:11,635 - INFO - Client 0 - Epoch 0 - Batch 800: Loss: 0.6954, Accuracy: 99.37%
2024-10-02 12:02:16,858 - INFO - Client 1 - Epoch 0 - Batch 900: Loss: 0.6950, Accuracy: 99.40%
2024-10-02 12:02:16,961 - INFO - Client 0 - Epoch 0 - Batch 900: Loss: 0.6954, Accuracy: 99.35%
2024-10-02 12:02:22,205 - INFO - Client 1 - Epoch 0 - Batch 1000: Loss: 0.7038, Accuracy: 99.40%
2024-10-02 12:02:22,331 - INFO - Client 0 - Epoch 0 - Batch 1000: Loss: 0.7022, Accuracy: 99.34%
2024-10-02 12:02:27,517 - INFO - Client 1 - Epoch 0 - Batch 1100: Loss: 0.6980, Accuracy: 99.42%
2024-10-02 12:02:27,644 - INFO - Client 0 - Epoch 0 - Batch 1100: Loss: 0.7348, Accuracy: 99.36%
2024-10-02 12:02:32,737 - INFO - Client 1 - Epoch 0 - Batch 1200: Loss: 0.7084, Accuracy: 99.43%
2024-10-02 12:02:32,873 - INFO - Client 0 - Epoch 0 - Batch 1200: Loss: 0.7093, Accuracy: 99.35%
2024-10-02 12:02:37,926 - INFO - Client 1 - Epoch 0 - Batch 1300: Loss: 0.7521, Accuracy: 99.41%
2024-10-02 12:02:38,063 - INFO - Client 0 - Epoch 0 - Batch 1300: Loss: 0.8135, Accuracy: 99.36%
2024-10-02 12:02:43,170 - INFO - Client 1 - Epoch 0 - Batch 1400: Loss: 0.6951, Accuracy: 99.40%
2024-10-02 12:02:43,311 - INFO - Client 0 - Epoch 0 - Batch 1400: Loss: 0.7510, Accuracy: 99.36%
2024-10-02 12:02:48,430 - INFO - Client 1 - Epoch 0 - Batch 1500: Loss: 0.6947, Accuracy: 99.38%
2024-10-02 12:02:48,551 - INFO - Client 0 - Epoch 0 - Batch 1500: Loss: 0.6947, Accuracy: 99.38%
2024-10-02 12:02:53,649 - INFO - Client 1 - Epoch 0 - Batch 1600: Loss: 0.7300, Accuracy: 99.39%
2024-10-02 12:02:53,782 - INFO - Client 0 - Epoch 0 - Batch 1600: Loss: 0.7166, Accuracy: 99.37%
2024-10-02 12:02:58,890 - INFO - Client 1 - Epoch 0 - Batch 1700: Loss: 0.6994, Accuracy: 99.39%
2024-10-02 12:02:59,013 - INFO - Client 0 - Epoch 0 - Batch 1700: Loss: 0.6945, Accuracy: 99.37%
2024-10-02 12:03:04,241 - INFO - Client 1 - Epoch 0 - Batch 1800: Loss: 0.7326, Accuracy: 99.38%
2024-10-02 12:03:04,412 - INFO - Client 0 - Epoch 0 - Batch 1800: Loss: 0.7313, Accuracy: 99.37%
2024-10-02 12:03:09,058 - INFO - Client 1 - Epoch 0 completed: Loss: 0.7134, Accuracy: 99.39%
2024-10-02 12:03:09,091 - INFO - Sent reply
2024-10-02 12:03:09,205 - INFO - Client 0 - Epoch 0 completed: Loss: 0.7132, Accuracy: 99.36%
2024-10-02 12:03:09,222 - INFO - Sent reply
2024-10-02 12:03:09,370 - INFO - 
2024-10-02 12:03:09,371 - INFO - Received: evaluate message 382f4c12-4589-4c1e-b7ea-d4e1251a65dd
2024-10-02 12:03:09,372 - WARNING - Deprecation Warning: The `client_fn` function must return an instance of `Client`, but an instance of `NumpyClient` was returned. Please use `NumPyClient.to_client()` method to convert it to `Client`.
2024-10-02 12:03:09,400 - INFO - 
2024-10-02 12:03:09,401 - INFO - Received: evaluate message 82401236-e90d-4889-b7d7-d2968a54b07e
2024-10-02 12:03:09,401 - WARNING - Deprecation Warning: The `client_fn` function must return an instance of `Client`, but an instance of `NumpyClient` was returned. Please use `NumPyClient.to_client()` method to convert it to `Client`.
2024-10-02 12:03:13,599 - INFO - Client 1 - Evaluation completed: Loss: 0.0258, Accuracy: 99.18%
2024-10-02 12:03:13,600 - INFO - Sent reply
2024-10-02 12:03:13,693 - INFO - Client 0 - Evaluation completed: Loss: 0.0258, Accuracy: 99.18%
2024-10-02 12:03:13,694 - INFO - Sent reply
2024-10-02 12:03:13,708 - INFO - 
2024-10-02 12:03:13,709 - INFO - 
ceived: reconnect message 65a36d46-4e41-49b6-b8f0-31d14126e1f9
2024-10-02 12:03:13,710 - INFO - Received: reconnect message a8487732-a7fc-4f26-b9c0-53e29cdc5183
2024-10-02 12:03:13,742 - DEBUG - gRPC channel closed
2024-10-02 12:03:13,743 - DEBUG - gRPC channel closed
2024-10-02 12:03:13,744 - INFO - Disconnect and shut down
2024-10-02 12:03:13,744 - INFO - Disconnect and shut down
2024-10-02 12:08:13,076 - INFO - Starting client with ID: 0
2024-10-02 12:08:13,077 - INFO - Client 0 using device: cpu
2024-10-02 12:08:13,150 - DEBUG - Opened insecure gRPC connection (no certificates were passed)
2024-10-02 12:08:13,152 - DEBUG - ChannelConnectivity.IDLE
2024-10-02 12:08:13,153 - DEBUG - ChannelConnectivity.CONNECTING
2024-10-02 12:08:13,153 - DEBUG - ChannelConnectivity.READY
2024-10-02 12:08:13,155 - INFO - 
2024-10-02 12:08:13,156 - INFO - Received: get_parameters message 9198c394-85e5-4549-aea5-2aa5ddb14456
2024-10-02 12:08:13,176 - WARNING - Deprecation Warning: The `client_fn` function must return an instance of `Client`, but an instance of `NumpyClient` was returned. Please use `NumPyClient.to_client()` method to convert it to `Client`.
2024-10-02 12:08:13,192 - INFO - Sent reply
2024-10-02 12:08:18,795 - INFO - Starting client with ID: 1
2024-10-02 12:08:18,796 - INFO - Client 1 using device: cpu
2024-10-02 12:08:18,884 - DEBUG - Opened insecure gRPC connection (no certificates were passed)
2024-10-02 12:08:18,887 - DEBUG - ChannelConnectivity.IDLE
2024-10-02 12:08:18,887 - DEBUG - ChannelConnectivity.CONNECTING
2024-10-02 12:08:18,888 - DEBUG - ChannelConnectivity.READY
2024-10-02 12:08:18,952 - INFO - 
2024-10-02 12:08:18,953 - INFO - Received: train message db031f97-e8e6-468a-857a-763b4dd98fda
2024-10-02 12:08:18,953 - WARNING - Deprecation Warning: The `client_fn` function must return an instance of `Client`, but an instance of `NumpyClient` was returned. Please use `NumPyClient.to_client()` method to convert it to `Client`.
2024-10-02 12:08:18,991 - INFO - 
2024-10-02 12:08:18,991 - INFO - Received: train message b7152345-d0c0-4fde-8b82-7bbce041d0d6
2024-10-02 12:08:18,993 - WARNING - Deprecation Warning: The `client_fn` function must return an instance of `Client`, but an instance of `NumpyClient` was returned. Please use `NumPyClient.to_client()` method to convert it to `Client`.
2024-10-02 12:08:19,036 - INFO - Client 0 - Epoch 0 - Batch 0: Loss: 3.0358, Accuracy: 6.25%
2024-10-02 12:08:19,083 - INFO - Client 1 - Epoch 0 - Batch 0: Loss: 3.0582, Accuracy: 3.12%
2024-10-02 12:08:24,236 - INFO - Client 0 - Epoch 0 - Batch 100: Loss: 1.4289, Accuracy: 72.71%
2024-10-02 12:08:24,290 - INFO - Client 1 - Epoch 0 - Batch 100: Loss: 0.9416, Accuracy: 75.22%
2024-10-02 12:08:29,561 - INFO - Client 0 - Epoch 0 - Batch 200: Loss: 1.0732, Accuracy: 82.45%
2024-10-02 12:08:29,618 - INFO - Client 1 - Epoch 0 - Batch 200: Loss: 0.8284, Accuracy: 83.61%
2024-10-02 12:08:35,160 - INFO - Client 0 - Epoch 0 - Batch 300: Loss: 0.7514, Accuracy: 86.62%
2024-10-02 12:08:35,232 - INFO - Client 1 - Epoch 0 - Batch 300: Loss: 0.7739, Accuracy: 87.23%
2024-10-02 12:08:40,929 - INFO - Client 0 - Epoch 0 - Batch 400: Loss: 0.9384, Accuracy: 88.96%
2024-10-02 12:08:40,958 - INFO - Client 1 - Epoch 0 - Batch 400: Loss: 0.8055, Accuracy: 89.37%
2024-10-02 12:08:46,254 - INFO - Client 1 - Epoch 0 - Batch 500: Loss: 0.9819, Accuracy: 90.67%
2024-10-02 12:08:46,254 - INFO - Client 0 - Epoch 0 - Batch 500: Loss: 0.9656, Accuracy: 90.38%
2024-10-02 12:08:51,415 - INFO - Client 0 - Epoch 0 - Batch 600: Loss: 0.7677, Accuracy: 91.50%
2024-10-02 12:08:51,416 - INFO - Client 1 - Epoch 0 - Batch 600: Loss: 0.8177, Accuracy: 91.78%
2024-10-02 12:08:56,602 - INFO - Client 0 - Epoch 0 - Batch 700: Loss: 0.7402, Accuracy: 92.28%
2024-10-02 12:08:56,603 - INFO - Client 1 - Epoch 0 - Batch 700: Loss: 0.7430, Accuracy: 92.47%
2024-10-02 12:09:01,734 - INFO - Client 1 - Epoch 0 - Batch 800: Loss: 0.8736, Accuracy: 93.06%
2024-10-02 12:09:01,735 - INFO - Client 0 - Epoch 0 - Batch 800: Loss: 0.8288, Accuracy: 92.90%
2024-10-02 12:09:07,180 - INFO - Client 0 - Epoch 0 - Batch 900: Loss: 0.7766, Accuracy: 93.35%
2024-10-02 12:09:07,180 - INFO - Client 1 - Epoch 0 - Batch 900: Loss: 0.7353, Accuracy: 93.59%
2024-10-02 12:09:12,624 - INFO - Client 0 - Epoch 0 - Batch 1000: Loss: 0.8661, Accuracy: 93.73%
2024-10-02 12:09:12,625 - INFO - Client 1 - Epoch 0 - Batch 1000: Loss: 1.0327, Accuracy: 93.99%
2024-10-02 12:09:18,082 - INFO - Client 1 - Epoch 0 - Batch 1100: Loss: 0.8526, Accuracy: 94.32%
2024-10-02 12:09:18,088 - INFO - Client 0 - Epoch 0 - Batch 1100: Loss: 0.8150, Accuracy: 94.08%
2024-10-02 12:09:23,284 - INFO - Client 1 - Epoch 0 - Batch 1200: Loss: 0.7653, Accuracy: 94.57%
2024-10-02 12:09:23,285 - INFO - Client 0 - Epoch 0 - Batch 1200: Loss: 0.7237, Accuracy: 94.42%
2024-10-02 12:09:28,493 - INFO - Client 0 - Epoch 0 - Batch 1300: Loss: 0.7420, Accuracy: 94.65%
2024-10-02 12:09:28,494 - INFO - Client 1 - Epoch 0 - Batch 1300: Loss: 0.8371, Accuracy: 94.80%
2024-10-02 12:09:33,632 - INFO - Client 0 - Epoch 0 - Batch 1400: Loss: 0.7285, Accuracy: 94.91%
2024-10-02 12:09:33,688 - INFO - Client 1 - Epoch 0 - Batch 1400: Loss: 0.7518, Accuracy: 95.02%
2024-10-02 12:09:39,191 - INFO - Client 0 - Epoch 0 - Batch 1500: Loss: 0.7396, Accuracy: 95.11%
2024-10-02 12:09:39,250 - INFO - Client 1 - Epoch 0 - Batch 1500: Loss: 0.7791, Accuracy: 95.23%
2024-10-02 12:09:44,820 - INFO - Client 0 - Epoch 0 - Batch 1600: Loss: 0.7955, Accuracy: 95.27%
2024-10-02 12:09:44,865 - INFO - Client 1 - Epoch 0 - Batch 1600: Loss: 0.7789, Accuracy: 95.39%
2024-10-02 12:09:50,237 - INFO - Client 0 - Epoch 0 - Batch 1700: Loss: 0.7389, Accuracy: 95.43%
2024-10-02 12:09:50,269 - INFO - Client 1 - Epoch 0 - Batch 1700: Loss: 0.7707, Accuracy: 95.53%
2024-10-02 12:09:55,998 - INFO - Client 0 - Epoch 0 - Batch 1800: Loss: 0.7429, Accuracy: 95.60%
2024-10-02 12:09:56,027 - INFO - Client 1 - Epoch 0 - Batch 1800: Loss: 0.7662, Accuracy: 95.67%
2024-10-02 12:10:00,268 - INFO - Client 0 - Epoch 0 completed: Loss: 0.8646, Accuracy: 95.72%
2024-10-02 12:10:00,304 - INFO - Client 1 - Epoch 0 completed: Loss: 0.8650, Accuracy: 95.76%
2024-10-02 12:10:00,299 - INFO - Sent reply
2024-10-02 12:10:00,326 - INFO - Sent reply
2024-10-02 12:10:00,472 - INFO - 
2024-10-02 12:10:00,473 - INFO - Received: evaluate message ead8cce7-abce-4c90-baf9-73dedc5fbed1
2024-10-02 12:10:00,474 - WARNING - Deprecation Warning: The `client_fn` function must return an instance of `Client`, but an instance of `NumpyClient` was returned. Please use `NumPyClient.to_client()` method to convert it to `Client`.
2024-10-02 12:10:00,485 - INFO - 
2024-10-02 12:10:00,487 - INFO - Received: evaluate message afc8ef15-cd0d-4163-bb4b-cb07ae79a7ec
2024-10-02 12:10:00,488 - WARNING - Deprecation Warning: The `client_fn` function must return an instance of `Client`, but an instance of `NumpyClient` was returned. Please use `NumPyClient.to_client()` method to convert it to `Client`.
2024-10-02 12:10:04,375 - INFO - Client 1 - Evaluation completed: Loss: 0.0425, Accuracy: 98.58%
2024-10-02 12:10:04,375 - INFO - Client 0 - Evaluation completed: Loss: 0.0425, Accuracy: 98.58%
2024-10-02 12:10:04,376 - INFO - Sent reply
2024-10-02 12:10:04,376 - INFO - Sent reply
2024-10-02 12:10:04,452 - INFO - 
2024-10-02 12:10:04,453 - INFO - Received: train message f8b23342-f35d-4784-985d-900f453277b0
2024-10-02 12:10:04,454 - WARNING - Deprecation Warning: The `client_fn` function must return an instance of `Client`, but an instance of `NumpyClient` was returned. Please use `NumPyClient.to_client()` method to convert it to `Client`.
2024-10-02 12:10:04,478 - INFO - 
2024-10-02 12:10:04,479 - INFO - Received: train message 624c3b71-aed7-4825-832a-7258e34af037
2024-10-02 12:10:04,480 - WARNING - Deprecation Warning: The `client_fn` function must return an instance of `Client`, but an instance of `NumpyClient` was returned. Please use `NumPyClient.to_client()` method to convert it to `Client`.
2024-10-02 12:10:04,543 - INFO - Client 0 - Epoch 0 - Batch 0: Loss: 0.7144, Accuracy: 100.00%
2024-10-02 12:10:04,565 - INFO - Client 1 - Epoch 0 - Batch 0: Loss: 0.7431, Accuracy: 100.00%
2024-10-02 12:10:10,030 - INFO - Client 0 - Epoch 0 - Batch 100: Loss: 0.7033, Accuracy: 98.70%
2024-10-02 12:10:10,045 - INFO - Client 1 - Epoch 0 - Batch 100: Loss: 0.7365, Accuracy: 98.76%
2024-10-02 12:10:15,460 - INFO - Client 0 - Epoch 0 - Batch 200: Loss: 0.6974, Accuracy: 98.91%
2024-10-02 12:10:15,468 - INFO - Client 1 - Epoch 0 - Batch 200: Loss: 0.7249, Accuracy: 98.69%
2024-10-02 12:10:20,778 - INFO - Client 0 - Epoch 0 - Batch 300: Loss: 0.7308, Accuracy: 98.90%
2024-10-02 12:10:20,779 - INFO - Client 1 - Epoch 0 - Batch 300: Loss: 0.6981, Accuracy: 98.79%
2024-10-02 12:10:26,063 - INFO - Client 1 - Epoch 0 - Batch 400: Loss: 0.6982, Accuracy: 98.82%
2024-10-02 12:10:26,082 - INFO - Client 0 - Epoch 0 - Batch 400: Loss: 0.7010, Accuracy: 98.85%
2024-10-02 12:10:31,098 - INFO - Client 1 - Epoch 0 - Batch 500: Loss: 0.7233, Accuracy: 98.75%
2024-10-02 12:10:31,103 - INFO - Client 0 - Epoch 0 - Batch 500: Loss: 0.8794, Accuracy: 98.92%
2024-10-02 12:10:36,171 - INFO - Client 1 - Epoch 0 - Batch 600: Loss: 0.6953, Accuracy: 98.76%
2024-10-02 12:10:36,172 - INFO - Client 0 - Epoch 0 - Batch 600: Loss: 0.7396, Accuracy: 98.89%
2024-10-02 12:10:41,440 - INFO - Client 0 - Epoch 0 - Batch 700: Loss: 0.7064, Accuracy: 98.87%
2024-10-02 12:10:41,440 - INFO - Client 1 - Epoch 0 - Batch 700: Loss: 0.7554, Accuracy: 98.76%
2024-10-02 12:10:46,665 - INFO - Client 0 - Epoch 0 - Batch 800: Loss: 0.6997, Accuracy: 98.84%
2024-10-02 12:10:46,666 - INFO - Client 1 - Epoch 0 - Batch 800: Loss: 0.7042, Accuracy: 98.73%
2024-10-02 12:10:51,992 - INFO - Client 1 - Epoch 0 - Batch 900: Loss: 0.7014, Accuracy: 98.75%
2024-10-02 12:10:51,992 - INFO - Client 0 - Epoch 0 - Batch 900: Loss: 0.7563, Accuracy: 98.83%
2024-10-02 12:10:57,828 - INFO - Client 0 - Epoch 0 - Batch 1000: Loss: 0.6968, Accuracy: 98.81%
2024-10-02 12:10:57,868 - INFO - Client 1 - Epoch 0 - Batch 1000: Loss: 0.9744, Accuracy: 98.73%
2024-10-02 12:11:03,685 - INFO - Client 0 - Epoch 0 - Batch 1100: Loss: 0.7187, Accuracy: 98.78%
2024-10-02 12:11:03,719 - INFO - Client 1 - Epoch 0 - Batch 1100: Loss: 0.6956, Accuracy: 98.78%
2024-10-02 12:11:09,624 - INFO - Client 0 - Epoch 0 - Batch 1200: Loss: 0.7545, Accuracy: 98.74%
2024-10-02 12:11:09,626 - INFO - Client 1 - Epoch 0 - Batch 1200: Loss: 0.7161, Accuracy: 98.78%
2024-10-02 12:11:15,649 - INFO - Client 0 - Epoch 0 - Batch 1300: Loss: 0.6950, Accuracy: 98.75%
2024-10-02 12:11:15,712 - INFO - Client 1 - Epoch 0 - Batch 1300: Loss: 0.9745, Accuracy: 98.76%
2024-10-02 12:11:21,650 - INFO - Client 0 - Epoch 0 - Batch 1400: Loss: 0.7007, Accuracy: 98.75%
2024-10-02 12:11:21,714 - INFO - Client 1 - Epoch 0 - Batch 1400: Loss: 0.7004, Accuracy: 98.76%
2024-10-02 12:11:27,334 - INFO - Client 0 - Epoch 0 - Batch 1500: Loss: 0.7029, Accuracy: 98.73%
2024-10-02 12:11:27,390 - INFO - Client 1 - Epoch 0 - Batch 1500: Loss: 0.7044, Accuracy: 98.74%
2024-10-02 12:11:32,743 - INFO - Client 0 - Epoch 0 - Batch 1600: Loss: 0.7178, Accuracy: 98.77%
2024-10-02 12:11:32,833 - INFO - Client 1 - Epoch 0 - Batch 1600: Loss: 0.6955, Accuracy: 98.76%
2024-10-02 12:11:38,133 - INFO - Client 0 - Epoch 0 - Batch 1700: Loss: 0.6980, Accuracy: 98.77%
2024-10-02 12:11:38,191 - INFO - Client 1 - Epoch 0 - Batch 1700: Loss: 0.8672, Accuracy: 98.78%
2024-10-02 12:11:43,425 - INFO - Client 0 - Epoch 0 - Batch 1800: Loss: 0.7405, Accuracy: 98.77%
2024-10-02 12:11:43,477 - INFO - Client 1 - Epoch 0 - Batch 1800: Loss: 0.7425, Accuracy: 98.79%
2024-10-02 12:11:47,581 - INFO - Client 0 - Epoch 0 completed: Loss: 0.7332, Accuracy: 98.77%
2024-10-02 12:11:47,605 - INFO - Sent reply
2024-10-02 12:11:47,624 - INFO - Client 1 - Epoch 0 completed: Loss: 0.7325, Accuracy: 98.79%
2024-10-02 12:11:47,640 - INFO - Sent reply
2024-10-02 12:11:47,774 - INFO - 
2024-10-02 12:11:47,775 - INFO - Received: evaluate message f99bc9ae-4401-4697-b550-15ffed45f73f
2024-10-02 12:11:47,776 - WARNING - Deprecation Warning: The `client_fn` function must return an instance of `Client`, but an instance of `NumpyClient` was returned. Please use `NumPyClient.to_client()` method to convert it to `Client`.
2024-10-02 12:11:47,848 - INFO - 
2024-10-02 12:11:47,849 - INFO - Received: evaluate message cd1a047b-9165-430f-8891-21ec0c6c4aa0
2024-10-02 12:11:47,850 - WARNING - Deprecation Warning: The `client_fn` function must return an instance of `Client`, but an instance of `NumpyClient` was returned. Please use `NumPyClient.to_client()` method to convert it to `Client`.
2024-10-02 12:11:51,450 - INFO - Client 1 - Evaluation completed: Loss: 0.0271, Accuracy: 99.09%
2024-10-02 12:11:51,451 - INFO - Sent reply
2024-10-02 12:11:51,511 - INFO - Client 0 - Evaluation completed: Loss: 0.0271, Accuracy: 99.09%
2024-10-02 12:11:51,512 - INFO - Sent reply
2024-10-02 12:11:51,618 - INFO - 
2024-10-02 12:11:51,619 - INFO - Received: train message 8f4c6ef7-fd1e-4e1c-92a7-f31c34a6eb77
2024-10-02 12:11:51,620 - WARNING - Deprecation Warning: The `client_fn` function must return an instance of `Client`, but an instance of `NumpyClient` was returned. Please use `NumPyClient.to_client()` method to convert it to `Client`.
2024-10-02 12:11:51,646 - INFO - 
2024-10-02 12:11:51,647 - INFO - Received: train message a70ed030-c5c5-4dc7-903a-c08aac084eea
2024-10-02 12:11:51,647 - WARNING - Deprecation Warning: The `client_fn` function must return an instance of `Client`, but an instance of `NumpyClient` was returned. Please use `NumPyClient.to_client()` method to convert it to `Client`.
2024-10-02 12:11:51,698 - INFO - Client 0 - Epoch 0 - Batch 0: Loss: 0.6953, Accuracy: 100.00%
2024-10-02 12:11:51,727 - INFO - Client 1 - Epoch 0 - Batch 0: Loss: 0.7012, Accuracy: 100.00%
2024-10-02 12:11:57,106 - INFO - Client 0 - Epoch 0 - Batch 100: Loss: 0.6971, Accuracy: 99.41%
2024-10-02 12:11:57,133 - INFO - Client 1 - Epoch 0 - Batch 100: Loss: 0.6976, Accuracy: 99.29%
2024-10-02 12:12:02,673 - INFO - Client 0 - Epoch 0 - Batch 200: Loss: 0.7043, Accuracy: 99.42%
2024-10-02 12:12:02,698 - INFO - Client 1 - Epoch 0 - Batch 200: Loss: 0.7169, Accuracy: 99.25%
2024-10-02 12:12:08,223 - INFO - Client 0 - Epoch 0 - Batch 300: Loss: 0.6959, Accuracy: 99.50%
2024-10-02 12:12:08,273 - INFO - Client 1 - Epoch 0 - Batch 300: Loss: 0.6957, Accuracy: 99.29%
2024-10-02 12:12:13,540 - INFO - Client 0 - Epoch 0 - Batch 400: Loss: 0.7961, Accuracy: 99.45%
2024-10-02 12:12:13,590 - INFO - Client 1 - Epoch 0 - Batch 400: Loss: 0.7013, Accuracy: 99.32%
2024-10-02 12:12:18,680 - INFO - Client 0 - Epoch 0 - Batch 500: Loss: 0.6952, Accuracy: 99.43%
2024-10-02 12:12:18,731 - INFO - Client 1 - Epoch 0 - Batch 500: Loss: 0.8001, Accuracy: 99.25%
2024-10-02 12:12:23,990 - INFO - Client 0 - Epoch 0 - Batch 600: Loss: 0.7005, Accuracy: 99.41%
2024-10-02 12:12:24,041 - INFO - Client 1 - Epoch 0 - Batch 600: Loss: 0.7651, Accuracy: 99.23%
2024-10-02 12:12:29,294 - INFO - Client 0 - Epoch 0 - Batch 700: Loss: 0.6937, Accuracy: 99.41%
2024-10-02 12:12:29,352 - INFO - Client 1 - Epoch 0 - Batch 700: Loss: 0.8360, Accuracy: 99.26%
2024-10-02 12:12:34,665 - INFO - Client 0 - Epoch 0 - Batch 800: Loss: 0.6945, Accuracy: 99.39%
2024-10-02 12:12:34,723 - INFO - Client 1 - Epoch 0 - Batch 800: Loss: 0.6943, Accuracy: 99.30%
2024-10-02 12:12:39,817 - INFO - Client 0 - Epoch 0 - Batch 900: Loss: 0.7190, Accuracy: 99.37%
2024-10-02 12:12:39,873 - INFO - Client 1 - Epoch 0 - Batch 900: Loss: 0.6938, Accuracy: 99.31%
2024-10-02 12:12:44,965 - INFO - Client 0 - Epoch 0 - Batch 1000: Loss: 0.6964, Accuracy: 99.37%
2024-10-02 12:12:45,015 - INFO - Client 1 - Epoch 0 - Batch 1000: Loss: 0.7142, Accuracy: 99.34%
2024-10-02 12:12:50,595 - INFO - Client 1 - Epoch 0 - Batch 1100: Loss: 0.6954, Accuracy: 99.34%
2024-10-02 12:12:50,596 - INFO - Client 0 - Epoch 0 - Batch 1100: Loss: 0.6990, Accuracy: 99.32%
2024-10-02 12:12:55,847 - INFO - Client 1 - Epoch 0 - Batch 1200: Loss: 0.7168, Accuracy: 99.34%
2024-10-02 12:12:55,856 - INFO - Client 0 - Epoch 0 - Batch 1200: Loss: 0.7315, Accuracy: 99.32%
2024-10-02 12:13:01,153 - INFO - Client 1 - Epoch 0 - Batch 1300: Loss: 0.7184, Accuracy: 99.36%
2024-10-02 12:13:01,167 - INFO - Client 0 - Epoch 0 - Batch 1300: Loss: 0.7400, Accuracy: 99.33%
2024-10-02 12:13:06,536 - INFO - Client 1 - Epoch 0 - Batch 1400: Loss: 0.6959, Accuracy: 99.35%
2024-10-02 12:13:06,564 - INFO - Client 0 - Epoch 0 - Batch 1400: Loss: 0.7132, Accuracy: 99.34%
2024-10-02 12:13:12,449 - INFO - Client 1 - Epoch 0 - Batch 1500: Loss: 0.6989, Accuracy: 99.35%
2024-10-02 12:13:12,468 - INFO - Client 0 - Epoch 0 - Batch 1500: Loss: 0.6944, Accuracy: 99.35%
2024-10-02 12:13:18,624 - INFO - Client 1 - Epoch 0 - Batch 1600: Loss: 0.6958, Accuracy: 99.34%
2024-10-02 12:13:18,639 - INFO - Client 0 - Epoch 0 - Batch 1600: Loss: 0.6948, Accuracy: 99.36%
2024-10-02 12:13:24,514 - INFO - Client 1 - Epoch 0 - Batch 1700: Loss: 0.6953, Accuracy: 99.34%
2024-10-02 12:13:24,541 - INFO - Client 0 - Epoch 0 - Batch 1700: Loss: 0.7013, Accuracy: 99.36%
2024-10-02 12:13:29,793 - INFO - Client 1 - Epoch 0 - Batch 1800: Loss: 0.7378, Accuracy: 99.34%
2024-10-02 12:13:29,826 - INFO - Client 0 - Epoch 0 - Batch 1800: Loss: 0.7031, Accuracy: 99.35%
2024-10-02 12:13:34,533 - INFO - Client 1 - Epoch 0 completed: Loss: 0.7153, Accuracy: 99.33%
2024-10-02 12:13:34,549 - INFO - Client 0 - Epoch 0 completed: Loss: 0.7144, Accuracy: 99.34%
2024-10-02 12:13:34,557 - INFO - Sent reply
2024-10-02 12:13:34,569 - INFO - Sent reply
2024-10-02 12:13:34,720 - INFO - 
2024-10-02 12:13:34,720 - INFO - 
2024-10-02 12:13:34,721 - INFO - Received: evaluate message d69c3b83-b589-426a-a1ca-7215c1633f90
2024-10-02 12:13:34,721 - INFO - Received: evaluate message 0f74dd8b-fd75-47fd-bbd1-c613699eca3d
2024-10-02 12:13:34,721 - WARNING - Deprecation Warning: The `client_fn` function must return an instance of `Client`, but an instance of `NumpyClient` was returned. Please use `NumPyClient.to_client()` method to convert it to `Client`.
2024-10-02 12:13:34,721 - WARNING - Deprecation Warning: The `client_fn` function must return an instance of `Client`, but an instance of `NumpyClient` was returned. Please use `NumPyClient.to_client()` method to convert it to `Client`.
2024-10-02 12:13:38,635 - INFO - Client 1 - Evaluation completed: Loss: 0.0264, Accuracy: 99.18%
2024-10-02 12:13:38,635 - INFO - Sent reply
2024-10-02 12:13:38,640 - INFO - Client 0 - Evaluation completed: Loss: 0.0264, Accuracy: 99.18%
2024-10-02 12:13:38,641 - INFO - Sent reply
2024-10-02 12:13:38,652 - INFO - 
2024-10-02 12:13:38,652 - INFO - Received: reconnect message 4a529455-0dec-424e-822b-aedcad7eef18
2024-10-02 12:13:38,653 - INFO - 
2024-10-02 12:13:38,654 - INFO - Received: reconnect message 28cd4192-9231-4a7f-852b-dd6ed1e84073
2024-10-02 12:13:38,671 - DEBUG - gRPC channel closed
2024-10-02 12:13:38,672 - INFO - Disconnect and shut down
2024-10-02 12:13:38,672 - INFO - Disconnect and shut down
